<?xml version='1.0' encoding='UTF-8'?>
<testsuite hostname="hesisenberg-Inspiron-7380" name="edu.colorado.csci3155.project1.CompilerTest" tests="8" errors="0" failures="0" skipped="0" time="0.034" timestamp="2022-05-26T12:24:18">
          <properties>
      <property name="jline.esc.timeout" value="0"/><property name="jna.platform.library.path" value="/usr/lib/x86_64-linux-gnu:/lib/x86_64-linux-gnu:/usr/lib64:/lib64:/usr/lib:/lib:/usr/lib/x86_64-linux-gnu/libfakeroot"/><property name="java.runtime.name" value="OpenJDK Runtime Environment"/><property name="sun.boot.library.path" value="/home/hesisenberg/.jdks/corretto-1.8.0_322/jre/lib/amd64"/><property name="java.vm.version" value="25.322-b06"/><property name="java.vm.vendor" value="Amazon.com Inc."/><property name="java.vendor.url" value="https://aws.amazon.com/corretto/"/><property name="path.separator" value=":"/><property name="jna.loaded" value="true"/><property name="java.vm.name" value="OpenJDK 64-Bit Server VM"/><property name="file.encoding.pkg" value="sun.io"/><property name="user.country" value="US"/><property name="sun.java.launcher" value="SUN_STANDARD"/><property name="sun.os.patch.level" value="unknown"/><property name="jna.nosys" value="true"/><property name="java.vm.specification.name" value="Java Virtual Machine Specification"/><property name="user.dir" value="/home/hesisenberg/Documents/PrinciplesOfProgrammingLanguages/week5/project1/csci3155_s20_project1"/><property name="java.runtime.version" value="1.8.0_322-b06"/><property name="java.awt.graphicsenv" value="sun.awt.X11GraphicsEnvironment"/><property name="idea.managed" value="true"/><property name="java.endorsed.dirs" value="/home/hesisenberg/.jdks/corretto-1.8.0_322/jre/lib/endorsed"/><property name="os.arch" value="amd64"/><property name="java.io.tmpdir" value="/tmp"/><property name="line.separator" value="
"/><property name="java.vm.specification.vendor" value="Oracle Corporation"/><property name="log4j.ignoreTCL" value="true"/><property name="os.name" value="Linux"/><property name="sun.jnu.encoding" value="UTF-8"/><property name="jnidispatch.path" value="/home/hesisenberg/.cache/JNA/temp/jna709213153951435405.tmp"/><property name="java.library.path" value="/usr/java/packages/lib/amd64:/usr/lib64:/lib64:/lib:/usr/lib"/><property name="java.specification.name" value="Java Platform API Specification"/><property name="java.class.version" value="52.0"/><property name="sun.management.compiler" value="HotSpot 64-Bit Tiered Compilers"/><property name="os.version" value="5.13.0-44-generic"/><property name="swoval.tmpdir" value="/home/hesisenberg/.sbt/1.0"/><property name="user.home" value="/home/hesisenberg"/><property name="user.timezone" value="Pacific/Honolulu"/><property name="java.awt.printerjob" value="sun.print.PSPrinterJob"/><property name="idea.installation.dir" value="/home/hesisenberg/Documents/PrinciplesOfProgrammingLanguages/idea-IU-213.6777.52"/><property name="file.encoding" value="UTF-8"/><property name="java.specification.version" value="1.8"/><property name="java.class.path" value="/home/hesisenberg/.local/share/JetBrains/IntelliJIdea2021.3/Scala/launcher/sbt-launch.jar"/><property name="user.name" value="hesisenberg"/><property name="jline.shutdownhook" value="false"/><property name="java.vm.specification.version" value="1.8"/><property name="sun.java.command" value="/home/hesisenberg/.local/share/JetBrains/IntelliJIdea2021.3/Scala/launcher/sbt-launch.jar early(addPluginSbtFile=&quot;&quot;&quot;/tmp/idea1.sbt&quot;&quot;&quot;) ; set ideaPort in Global := 46707 ; idea-shell"/><property name="java.home" value="/home/hesisenberg/.jdks/corretto-1.8.0_322/jre"/><property name="sun.arch.data.model" value="64"/><property name="user.language" value="en"/><property name="java.specification.vendor" value="Oracle Corporation"/><property name="awt.toolkit" value="sun.awt.X11.XToolkit"/><property name="java.vm.info" value="mixed mode"/><property name="java.version" value="1.8.0_322"/><property name="java.ext.dirs" value="/home/hesisenberg/.jdks/corretto-1.8.0_322/jre/lib/ext:/usr/java/packages/lib/ext"/><property name="sun.boot.class.path" value="/home/hesisenberg/.jdks/corretto-1.8.0_322/jre/lib/resources.jar:/home/hesisenberg/.jdks/corretto-1.8.0_322/jre/lib/rt.jar:/home/hesisenberg/.jdks/corretto-1.8.0_322/jre/lib/sunrsasign.jar:/home/hesisenberg/.jdks/corretto-1.8.0_322/jre/lib/jsse.jar:/home/hesisenberg/.jdks/corretto-1.8.0_322/jre/lib/jce.jar:/home/hesisenberg/.jdks/corretto-1.8.0_322/jre/lib/charsets.jar:/home/hesisenberg/.jdks/corretto-1.8.0_322/jre/lib/jfr.jar:/home/hesisenberg/.jdks/corretto-1.8.0_322/jre/classes"/><property name="java.vendor" value="Amazon.com Inc."/><property name="file.separator" value="/"/><property name="java.vendor.url.bug" value="https://github.com/corretto/corretto-8/issues/"/><property name="sbt.supershell" value="false"/><property name="sun.io.unicode.encoding" value="UnicodeLittle"/><property name="sun.cpu.endian" value="little"/><property name="sun.desktop" value="gnome"/><property name="sun.cpu.isalist" value=""/>
    </properties>
          <testcase classname="edu.colorado.csci3155.project1.CompilerTest" name="simple expression 1" time="0.02">
                      
                    </testcase><testcase classname="edu.colorado.csci3155.project1.CompilerTest" name="simple expression 2" time="0.002">
                      
                    </testcase><testcase classname="edu.colorado.csci3155.project1.CompilerTest" name="simple expression 3" time="0.004">
                      
                    </testcase><testcase classname="edu.colorado.csci3155.project1.CompilerTest" name="simple expression 4" time="0.004">
                      
                    </testcase><testcase classname="edu.colorado.csci3155.project1.CompilerTest" name="LetBinding + Ident Test 1" time="0.001">
                      
                    </testcase><testcase classname="edu.colorado.csci3155.project1.CompilerTest" name="LetBinding + Ident Test 2" time="0.001">
                      
                    </testcase><testcase classname="edu.colorado.csci3155.project1.CompilerTest" name="LetBinding + Ident Test 3" time="0.001">
                      
                    </testcase><testcase classname="edu.colorado.csci3155.project1.CompilerTest" name="LetBinding + Ident Test 4" time="0.001">
                      
                    </testcase>
          <system-out><![CDATA[]]></system-out>
          <system-err><![CDATA[]]></system-err>
        </testsuite>